[debug] [2023-03-09T21:35:27.992Z] ----------------------------------------------------------------------
[debug] [2023-03-09T21:35:27.994Z] Command:       C:\Program Files\nodejs\node.exe C:\Users\usuario\AppData\Roaming\npm\node_modules\firebase-tools\lib\bin\firebase.js deploy
[debug] [2023-03-09T21:35:27.994Z] CLI Version:   11.24.1
[debug] [2023-03-09T21:35:27.994Z] Platform:      win32
[debug] [2023-03-09T21:35:27.995Z] Node Version:  v18.12.1
[debug] [2023-03-09T21:35:27.995Z] Time:          Thu Mar 09 2023 16:35:27 GMT-0500 (hora de Ecuador)
[debug] [2023-03-09T21:35:27.995Z] ----------------------------------------------------------------------
[debug] 
[debug] [2023-03-09T21:35:28.056Z] > command requires scopes: ["email","openid","https://www.googleapis.com/auth/cloudplatformprojects.readonly","https://www.googleapis.com/auth/firebase","https://www.googleapis.com/auth/cloud-platform"]
[debug] [2023-03-09T21:35:28.056Z] > authorizing via signed-in user (emelyapraez25@gmail.com)
[debug] [2023-03-09T21:35:28.057Z] [iam] checking project aulavirtualcds for permissions ["firebase.projects.get","firebasehosting.sites.update"]
[debug] [2023-03-09T21:35:28.060Z] >>> [apiv2][query] POST https://cloudresourcemanager.googleapis.com/v1/projects/aulavirtualcds:testIamPermissions [none]
[debug] [2023-03-09T21:35:28.060Z] >>> [apiv2][(partial)header] POST https://cloudresourcemanager.googleapis.com/v1/projects/aulavirtualcds:testIamPermissions x-goog-quota-user=projects/aulavirtualcds
[debug] [2023-03-09T21:35:28.060Z] >>> [apiv2][body] POST https://cloudresourcemanager.googleapis.com/v1/projects/aulavirtualcds:testIamPermissions {"permissions":["firebase.projects.get","firebasehosting.sites.update"]}
[debug] [2023-03-09T21:35:28.649Z] <<< [apiv2][status] POST https://cloudresourcemanager.googleapis.com/v1/projects/aulavirtualcds:testIamPermissions 200
[debug] [2023-03-09T21:35:28.650Z] <<< [apiv2][body] POST https://cloudresourcemanager.googleapis.com/v1/projects/aulavirtualcds:testIamPermissions {}
[debug] [2023-03-09T21:35:28.650Z] [iam] error while checking permissions, command may fail: FirebaseError: Authorization failed. This account is missing the following required permissions on project aulavirtualcds:

  firebase.projects.get
  firebasehosting.sites.update
[debug] [2023-03-09T21:35:28.651Z] >>> [apiv2][query] GET https://firebase.googleapis.com/v1beta1/projects/aulavirtualcds [none]
[debug] [2023-03-09T21:35:29.262Z] <<< [apiv2][status] GET https://firebase.googleapis.com/v1beta1/projects/aulavirtualcds 403
[debug] [2023-03-09T21:35:29.263Z] <<< [apiv2][body] GET https://firebase.googleapis.com/v1beta1/projects/aulavirtualcds {"error":{"code":403,"message":"The caller does not have permission","status":"PERMISSION_DENIED"}}
[debug] [2023-03-09T21:35:29.265Z] HTTP Error: 403, The caller does not have permission
[debug] [2023-03-09T21:35:29.268Z] FirebaseError: HTTP Error: 403, The caller does not have permission
    at responseToError (C:\Users\usuario\AppData\Roaming\npm\node_modules\firebase-tools\lib\responseToError.js:49:12)
    at RetryOperation._fn (C:\Users\usuario\AppData\Roaming\npm\node_modules\firebase-tools\lib\apiv2.js:288:77)
    at process.processTicksAndRejections (node:internal/process/task_queues:95:5)
[error] 
[error] Error: Failed to get Firebase project aulavirtualcds. Please make sure the project exists and your account has permission to access it.
